1
3
4
5
6
8
9
10
11
12
13
14
15
18
19
20
21
23
25
28
29
30
32
34
35
38
40
42
43
45
46
47
53
54
56
58
60
62
63
64
65
68
69
70
71
72
75
77
78
79
80
81
82
83
84
85
86
88
89
90
91
93
94
96
98
99
103
104
106
108
109
110
112
114
116
117
118
119
120
121
122
123
124
125
126
128
129
131
132
134
135
137
138
140
141
142
143
145
147
148
149
150
151
153
154
155
156
157
159
160
164
165
166
167
172
173
174
175
178
179
181
183
184
186
192
198
200
201
202
203
204
205
206
207
208
210
214
215
221
222
223
224
225
226
228
229
230
231
234
235
236
237
238
240
241
242
243
244
246
248
249
254
257
259
260
262
263
264
265
267
268
269
270
271
272
273
274
275
276
278
280
281
285
286
287
289
291
292
293
294
295
296
297
299
301
302
303
308
309
310
311
312
313
314
317
318
319
321
322
323
324
326
328
329
330
331
332
333
334
336
337
338
341
342
343
344
346
347
348
349
350
353
354
355
356
357
358
359
360
361
362
363
364
365
367
368
375
380
388
390
392
393
394
395
396
398
399
400
401
402
403
404
405
406
409
410
411
414
415
416
417
418
419
420
423
425
427
428
430
431
433
434
435
436
437
438
439
440
441
442
443
444
445
446
447
448
470
474
475
476
478
479
480
482
483
484
485
486
487
488
489
490
491
492
494
495
496
497
499
500
503
504
506
507
508
509
511
512
514
515
517
518
519
521
525
526
527
528
530
531
532
533
534
535
536
537
539
540
543
545
546
549
551
552
553
554
555
558
559
560
563
565
568
569
570
571
574
577
579
581
582
587
588
589
590
592
593
595
596
597
600
601
603
606
607
608
610
611
612
613
614
621
623
624
625
626
627
628
629
631
632
635
637
638
639
641
642
643
645
648
649
650
651
652
653
657
660
662
663
664
665
666
668
669
670
672
673
674
675
676
677
681
683
687
690
691
693
696
697
698
699
700
701
702
703
704
705
706
707
708
711
713
715
716
717
718
721
722
723
724
725
728
729
731
733
737
738
762
763
764
766
768
769
770
771
775
776
777
779
780
781
782
785
786
788
789
790
792
793
794
795
796
797
798
799
803
804
805
806
807
809
810
811
814
816
817
818
819
820
821
822
823
824
827
828
830
831
832
835
845
846
847
848
849
850
851
854
855
856
857
858
859
861
863
864
866
867
868
870
871
878
881
884
885
889
891
893
894
895
896
898
903
905
906
907
908
909
910
911
912
913
914
915
916
918
919
921
928
929
930
931
934
936
937
938
939
940
941
945
946
951
952
953
954
957
958
959
960
961
962
963
964
966
969
970
971
972
973
974
975
976
977
979
981
982
984
985
986
989
990
992
993
994
995
996
998
1002
1003
1004
1005
1007
1008
1009
1011
1012
1015
1016
1017
1020
1021
1027
1028
1030
1031
1033
1034
1035
1036
1037
1039
1040
1043
1044
1045
1053
1054
1056
1057
1062
1064
1065
1067
1068
1070
1071
1072
1073
1074
1075
1076
1078
1080
1081
1083
1084
1085
1087
1088
1090
1091
1092
1093
1094
1095
1096
1097
1098
1099
1100
1101
1102
1103
1106
1107
1108
1110
1111
1112
1114
1117
1118
1119
1123
1126
1127
1128
1131
1133
1135
1138
1139
1140
1141
1143
1144
1146
1147
1148
1151
1156
1158
1159
1160
1161
1164
1167
1168
1169
1170
1171
1172
1173
1174
1175
1176
1182
1183
1184
1186
1187
1188
1189
1190
1191
1193
1196
1198
1199
1200
1202
1203
1205
1206
1209
1211
1213
1214
1215
1216
1220
1223
1224
1229
1230
1231
1234
1235
1236
1237
1241
1243
1245
1246
1247
1249
1251
1252
1256
1257
1258
1259
1260
1261
1262
1264
1265
1266
1267
1269
1270
1272
1273
1274
1275
1276
1277
1278
1279
1280
1283
1285
1290
1291
1292
1293
1295
1297
1299
1301
1302
1304
1305
1306
1307
1308
1311
1313
1315
1316
1317
1318
1320
1321
1324
1326
1328
1329
1331
1332
1333
1334
1336
1338
1339
1340
1341
1344
1352
1354
1355
1357
1358
1359
1360
1361
1362
1363
1364
1368
1369
1370
1371
1373
1374
1379
1380
1381
1382
1384
1385
1386
1387
1388
1389
1391
1393
1394
1396
1397
1398
1399
1400
1401
1402
1403
1405
1407
1411
1412
1413
1414
1418
1419
1420
1421
1422
1424
1426
1427
1428
1429
1431
1432
1433
1435
1436
1437
1438
1440
1441
1442
1443
1446
1450
1451
1458
1459
1460
1461
1462
1463
1464
1466
1467
1468
1469
1472
1474
1477
1478
1479
1480
1481
1482
1483
1484
1486
1487
1488
1489
1490
1491
1492
1494
1495
1496
1502
1503
1504
1505
1506
1511
1512
1514
1515
1516
1517
1518
1520
1521
1522
1523
1525
1526
1527
1529
1531
1532
1533
1534
1535
1536
1537
1538
1540
1542
1543
1544
1545
1547
1548
1549
1550
1552
1553
1556
1557
1558
1559
1560
1561
1562
1563
1564
1567
1568
1570
1574
1575
1578
1580
1584
1586
1587
1588
1590
1591
1593
1598
1599
1600
1601
1603
1604
1607
1610
1611
1612
1613
1616
1617
1618
1619
1620
1621
1622
1623
1629
1631
1633
1634
1635
1636
1638
1640
1642
1644
1645
1646
1649
1651
1652
1654
1655
1658
1663
1664
1665
1668
1670
1671
1674
1675
1676
1679
1680
1681
1682
1684
1687
1688
1689
1692
1693
1694
1695
1697
1698
1701
1703
1704
1705
1707
1708
1709
1710
1711
1712
1718
1719
1721
1722
1723
1726
1727
1728
1731
1734
1735
1737
1739
1740
1741
1742
1743
1744
1745
1746
1751
1752
1753
1754
1755
1756
1757
1758
1759
1760
1761
1762
1763
1764
1765
1766
1769
1770
1773
1774
1776
1777
1781
1782
1785
1786
1787
1788
1790
1792
1793
1795
1796
1797
1798
1799
1801
1802
1803
1804
1805
1809
1810
1811
1812
1813
1814
1815
1817
1818
1822
1824
1825
1826
1827
1829
1830
1831
1838
1840
1841
1842
1843
1844
1849
1851
1852
1853
1854
1855
1857
1858
1859
1860
1861
1864
1866
1867
1868
1869
1870
1871
1873
1874
1876
1877
1878
1879
1881
1882
1883
1884
1887
1888
1890
1892
1893
1896
1897
1899
1900
1901
1902
1903
1906
1907
1913
1914
1915
1920
1922
1923
1929
1930
1931
1933
1934
1936
1937
1938
1943
1944
1945
1947
1948
1949
1951
1953
1954
1957
1958
1960
1961
1962
1963
1964
1967
1970
1971
1973
1974
1975
1976
1977
1978
1979
1983
1984
1985
1986
1987
1990
1991
1992
1994
1996
1997
1998
1999
2000
2001
2003
2004
2006
2007
2008
2009
2013
2014
2015
2016
2018
2019
2020
2021
2022
2023
2024
2025
2026
2027
2028
2029
2030
2031
2032
2033
2034
2035
2043
2044
2045
2046
2047
2048
2049
2050
2051
2053
2054
2057
2058
2059
2060
2062
2064
2065
2066
2067
2068
2069
2071
2072
2073
2074
2075
2077
2079
2080
2081
2082
2083
2084
2088
2091
2092
2093
2094
2095
2096
2097
2098
2100
2102
2103
2104
2105
2107
2108
2109
2112
2113
2118
2119
2120
2121
2122
2124
2126
2127
2128
2129
2130
2131
2133
2136
2138
2139
2141
2142
2144
2147
2148
2149
2151
2152
2154
2155
2159
2160
2161
2162
2163
2164
2166
2167
2168
2169
2170
2173
2174
2178
2179
2180
2181
2184
2187
2189
2191
2193
2195
2205
2206
2207
2213
2214
2215
2216
2217
2220
2221
2222
2225
2226
2228
2229
2230
2231
2235
2236
2238
2240
2244
2246
2248
2249
2251
2252
2253
2254
2256
2258
2259
2260
2262
2263
2265
2266
2267
2268
2269
2270
2271
2272
2274
2275
2276
2277
2279
2280
2281
2285
2286
2287
2288
2289
2292
2293
2294
2296
2298
2299
2300
2302
2303
2304
2305
2306
2307
2308
2309
2310
2311
2312
2315
2316
2317
2318
2321
2323
2325
2327
2328
2329
2330
2331
2333
2334
2335
2338
2343
2344
2346
2349
2351
2352
2354
2356
2357
2358
2359
2360
2362
2363
2369
2371
2372
2373
2374
2375
2376
2378
2380
2381
2385
2386
2387
2390
2394
2396
2397
2399
2401
2403
2405
2407
2410
2412
2413
2414
2415
2416
2418
2420
2422
2424
2425
2427
2428
2431
2432
2433
2434
2436
2437
2438
2440
2441
2457
2460
2461
2462
2463
2464
2466
2467
2469
2476
2477
2480
2481
2482
2483
2488
2489
2490
2492
2494
2495
2497
2498
2499
2500
2503
2506
2507
2509
2510
2511
2512
2513
2516
2517
2518
2521
2527
2528
2530
2531
2532
2538
2539
2542
2543
2546
2547
2548
2549
2551
2552
2555
2557
2558
2559
2560
2562
2563
2564
2567
2568
2569
2570
2571
2572
2575
2576
2577
2579
2581
2582
2583
2584
2585
2587
2588
2589
2593
2594
2595
2596
2597
2598
2601
2602
2604
2605
2606
2607
2608
2611
2614
2619
2620
2622
2623
2624
2625
2626
2627
2629
2630
2631
2634
2635
2637
2640
2641
2643
2644
2645
2646
2648
2650
2654
2655
2656
2657
2659
2660
2661
2662
2663
2664
2667
2669
2670
2671
2674
2675
2676
2677
2678
2679
2680
2683
2684
2685
2687
2691
2692
2694
2695
2696
2697
2698
2699
2700
2701
2703
2706
2708
2709
2711
2712
2713
2714
2716
2717
2720
2721
2722
2723
2724
2725
2726
2727
2733
2735
2736
2738
2739
2741
2742
2744
2745
2746
2747
2749
2750
2751
2752
2753
2754
2757
2759
2760
2761
2762
2763
2764
2766
2768
2770
2771
2772
2773
2774
2776
2777
2778
2780
2781
2782
2783
2784
2785
2786
2789
2792
2793
2794
2795
2796
2798
2799
2801
2803
2804
2807
2808
2809
2811
2813
2814
2815
2816
2817
2818
2820
2822
2823
2824
2826
2827
2828
2829
2831
2832
2837
2839
2841
2843
2845
2846
2848
2849
2851
2854
2858
2860
2861
2862
2863
2864
2865
2866
2867
2868
2869
2870
2871
2872
2873
2874
2875
2876
2877
2878
2879
2882
2883
2886
2888
2890
2891
2892
2893
2894
2895
2896
2897
2898
2899
2900
2901
2902
2903
2906
2907
2910
2912
2917
2918
2919
2920
2922
2923
2924
2926
2927
2929
2930
2932
2933
2936
2939
2940
2944
2945
2946
2949
2950
2954
2955
2956
2957
2958
2959
2961
2962
2963
2964
2965
2966
2969
2970
2973
2974
2975
2976
2977
2981
2982
2984
2991
2993
2995
2996
2999
3000
3001
3002
3004
3007
3008
3009
3011
3013
3015
3016
3018
3019
3020
3021
3023
3024
3026
3027
3028
3032
3034
3036
3038
3040
3041
3042
3043
3044
3045
3047
3048
3049
3057
3060
3061
3062
3063
3068
3074
3075
3078
3081
3084
3085
3086
3087
3089
3091
3093
3094
3095
3096
3098
3099
3100
3101
3102
3105
3107
3109
3110
3113
3114
3115
3116
3118
3119
3121
3123
3125
3126
3127
3128
3129
3130
3131
3132
3137
3141
3142
3143
3144
3145
3146
3149
3150
3151
3153
3154
3155
3157
3158
3159
3160
3161
3162
3163
3164
3166
3169
3170
3171
3172
3173
3175
3176
3177
3178
3180
3181
3182
3184
3185
3186
3187
3188
3189
3190
3191
3195
3196
3197
3200
3201
3202
3204
3205
3207
3209
3212
3214
3215
3216
3218
3219
3221
3222
3223
3224
3225
3226
3227
3228
3233
3234
3236
3237
3241
3242
3243
3244
3245
3246
3250
3256
3257
3258
3259
3260
3263
3264
3265
3268
3270
3271
3272
3274
3275
3277
3278
3279
3280
3283
3284
3285
3286
3287
3288
3290
3292
3293
3297
3298
3299
3300
3302
3303
3304
3305
3306
3307
3308
3309
3310
3312
3313
3317
3318
3324
3325
3327
3329
3331
3332
3333
3334
3335
3336
3337
3338
3339
3340
3341
3343
3344
3351
3352
3353
3354
3357
3358
3359
3360
3361
3364
3365
3369
3370
3371
3374
3376
3380
3381
3383
3384
3385
3386
3387
3388
3389
3390
3391
3393
3394
3395
3397
3400
3403
3405
3406
3408
3411
3415
3416
3417
3418
3419
3420
3421
3422
3423
3424
3425
3428
3429
3433
3435
3436
3439
3440
3441
3443
3446
3447
3448
3449
3450
3451
3452
3453
3454
3455
3456
3458
3460
3461
3462
3463
3465
3466
3467
3469
3470
3471
3472
3473
3474
3476
3478
3480
3481
3482
3483
3484
3485
3486
3487
3488
3490
3491
3492
3493
3494
3497
3498
3500
3501
3502
3505
3507
3509
3510
3511
3512
3513
3514
3515
3518
3519
3523
3524
3525
3530
3531
3534
3535
3536
3539
3540
3541
3543
3544
3548
3549
3550
3551
3552
3554
3555
3556
3557
3559
3560
3561
3563
3564
3565
3567
3568
3569
3572
3573
3574
3576
3577
3579
3581
3583
3585
3586
3587
3588
3589
3590
3595
3596
3597
3598
3599
3600
3602
3603
3604
3605
3606
3607
3608
3609
3610
3611
3612
3613
3617
3618
3622
3623
3624
3625
3628
3632
3633
3634
3635
3636
3637
3638
3640
3641
3642
3644
3645
3646
3647
3649
3651
3652
3654
3655
3657
3659
3660
3661
3663
3665
3666
3671
3672
3676
3677
3679
3680
3681
3682
3683
3684
3685
3686
3690
3692
3693
3694
3695
3697
3700
3702
3713
3716
3717
3718
3720
3721
3723
3725
3728
3729
3730
3731
3732
3734
3736
3737
3739
3740
3743
3744
3745
3746
3748
3749
3750
3751
3752
3756
3760
3761
3762
3763
3764
3765
3767
3770
3771
3772
3774
3775
3777
3778
3780
3781
3782
3783
3785
3786
3787
3789
3791
3796
3798
3799
3800
3801
3802
3803
3804
3806
3809
3810
3812
3813
3814
3815
3816
3819
3820
3821
3822
3823
3824
3825
3826
3827
3828
3830
3831
3832
3835
3836
3837
3839
3840
3843
3845
3846
3848
3851
3852
3853
3854
3855
3858
3859
3860
3861
3862
3863
3864
3866
3867
3869
3870
3873
3875
3877
3879
3880
3881
3882
3884
3885
3886
3887
3888
3889
3890
3891
3893
3894
3897
3898
3899
3900
3902
3903
3904
3905
3907
3910
3911
3913
3914
3917
3918
3923
3924
3926
3927
3928
3929
3930
3932
3933
3934
3935
3936
3937
3938
3939
3940
3943
3945
3947
3949
3950
3952
3953
3954
3958
3959
3960
3961
3962
3963
3964
3965
3966
3968
3969
3970
3971
3972
3975
3976
3977
3978
3980
3981
3983
3984
3985
3988
3989
3990
3991
3992
3993
3995
3996
3998
3999
4000
4002
4003
4004
4006
4010
4012
4013
4015
4016
4018
4019
4020
4021
4023
4025
4026
4028
4029
4031
4032
4035
4038
4039
4041
4042
4043
4046
4048
4049
4050
4052
4053
4056
4058
4059
4061
4062
4063
4064
4067
4068
4069
4072
4073
4075
4077
4078
4079
4081
4084
4088
4089
4090
4091
4092
4094
4095
4096
4099
4101
4102
4104
4106
4108
4109
4110
4111
4112
4114
4116
4117
4121
4122
4124
4125
4126
4127
4128
4129
4133
4134
4135
4136
4137
4138
4139
4140
4141
4142
4143
4144
4145
4146
4147
4149
4153
4156
4157
4158
4159
4160
4161
4163
4165
4166
4167
4168
4169
4174
4176
4177
4178
4179
4180
4181
4182
4183
4184
4185
4186
4189
4193
4194
4195
4196
4197
4199
4200
4201
4203
4204
4207
4208
4209
4210
4211
4212
4213
4214
4216
4217
4218
4219
4220
4221
4222
4224
4225
4228
4229
4230
4231
4232
4234
4235
4238
4239
4245
4246
4247
4248
4249
4250
4253
4254
4256
4259
4260
4263
4264
4268
4269
4271
4272
4273
4275
4277
4281
4282
4284
4285
4286
4288
4289
4290
4291
4292
4293
4297
4298
4300
4301
4302
4303
4304
4305
4306
4307
4308
4310
4313
4314
4317
4319
4320
4321
4322
4323
4325
4326
4331
4332
4333
4334
4335
4336
4337
4338
4339
4340
4341
4342
4343
4346
4347
4348
4349
4351
4352
4354
4356
4357
4358
4361
4362
4363
4364
4365
4366
4367
4368
4369
4370
4371
4372
4373
4374
4375
4377
4378
4379
4380
4381
4382
4387
4388
4389
4391
4393
4394
4395
4396
4398
4400
4401
4402
4403
4405
4406
4407
4410
4411
4412
4414
4416
4417
4418
4420
4423
4425
4426
4428
4429
4430
4432
4435
4436
4437
4439
4440
4442
4443
4444
4445
4446
4447
4448
4450
4452
4453
4456
4457
4460
4461
4462
4463
4465
4467
4468
4469
4470
4471
4472
4473
4474
4475
4476
4477
4478
4479
4480
4482
4484
4489
4490
4491
4492
4493
4495
4496
4497
4498
4501
4502
4503
4505
4506
4507
4508
4509
4510
4515
4516
4518
4519
4520
4522
4524
4525
4526
4527
4528
4529
4530
4531
4534
4535
4537
4545
4547
4550
4551
4552
4553
4554
4555
4556
4557
4558
4559
4561
4566
4567
4568
4569
4570
4571
4572
4573
4574
4575
4576
4577
4578
4579
4580
4581
4582
4584
4585
4586
4587
4588
4590
4591
4594
4596
4597
4598
4599
4600
4604
4605
4607
4608
4609
4610
4611
4613
4614
4615
4616
4618
4620
4621
4622
4623
4624
4625
4627
4629
4630
4631
4632
4633
4634
4636
4638
4639
4640
4641
4642
4643
4644
4645
4647
4648
4649
4650
4651
4652
4653
4654
4655
4656
4657
4658
4659
4660
4661
4662
4663
4664
4665
4667
4668
4669
4670
4671
4673
4675
4676
4678
4679
4680
4682
4684
4685
4686
4687
4689
4690
4691
4694
4696
4697
4698
4699
4700
4701
4702
4703
4704
4711
4712
4714
4715
4716
4719
4720
4723
4724
4725
4726
4728
4729
4731
4733
4734
4735
4737
4738
4739
4741
4742
4744
4746
4747
4748
4751
4752
4755
4758
4759
4760
4768
4769
4770
4771
4772
4773
4775
4778
4780
4781
4783
4784
4785
4786
4787
4789
4794
4796
4797
4798
4799
4800
4801
4802
4805
4806
4808
4809
4810
4811
4815
4816
4817
4820
4821
4823
4825
4826
4827
4828
4831
4833
4835
4836
4838
4840
4841
4843
4844
4845
4850
4852
4853
4854
4855
4856
4857
4858
4860
4863
4864
4866
4867
4868
4869
4870
4871
4872
4873
4876
4877
4878
4879
4881
4882
4883
4884
4885
4886
4887
4888
4889
4890
4892
4893
4894
4895
4898
4900
4901
4902
4903
4906
4907
4909
4910
4911
4912
4913
4914
4915
4916
4918
4920
4922
4923
4924
4926
4927
4932
4933
4936
4937
4938
4939
4940
4941
4942
4943
4944
4945
4946
4947
4948
4949
4952
4953
4955
4956
4957
4958
4960
4961
4962
4964
4966
4967
4969
4970
4971
4972
4974
4975
4976
4977
4980
4981
4983
4985
4987
4990
4991
4996
4999
5000
5001
5003
5006
5007
5008
5009
5011
5013
5017
5018
5019
5020
5021
5024
5026
5032
5034
5035
5036
5037
5038
5039
5040
5041
5042
5043
5044
5045
5047
5048
5050
5051
5053
5055
5056
5057
5058
5059
5062
5063
5064
5066
5067
5068
5079
5086
5087
5088
5089
5092
5093
5094
5095
5099
5101
5102
5103
5104
5105
5106
5107
5108
5109
5110
5111
5112
5113
5114
5115
5119
5120
5121
5122
5123
5124
5126
5128
5129
5131
5133
5134
5135
5137
5138
5139
5141
5143
5144
5146
5149
5151
5152
5153
5155
5156
5158
5159
5160
5163
5164
5166
5169
5171
5172
5173
5174
5175
5177
5178
5179
5180
5181
5182
5183
5184
5185
5186
5188
5189
5190
5191
5192
5193
5194
5195
5196
5197
5198
5199
5200
5201
5202
5204
5206
5207
5209
5210
5212
5213
5214
5216
5217
5218
5219
5220
5223
5224
5225
5226
5227
5233
5234
5236
5238
5239
5244
5245
5246
5247
5248
5249
5250
5251
5252
5254
5256
5258
5259
5261
5263
5264
5265
5266
5271
5272
5273
5275
5276
5278
5280
5281
5283
5287
5288
5289
5294
5295
5299
5300
5302
5304
5305
5306
5308
5310
5317
5318
5319
5324
5325
5326
5327
5328
5329
5330
5331
5333
5334
5335
5336
5337
5338
5339
5340
5349
5350
5353
5356
5358
5359
5360
5361
5362
5363
5365
5366
5368
5369
5371
5372
5373
5374
5375
5376
5377
5378
5379
5380
5381
5382
5383
5384
5385
5386
5388
5389
5393
5394
5396
5397
5398
5399
5401
5402
5403
5404
5405
5406
5409
5410
5411
5412
5413
5417
5419
5423
5425
5426
5427
5429
5430
5431
5435
5436
5437
5439
5440
5443
5444
5445
5446
5448
5449
5452
5453
5454
5455
5456
5457
5458
5459
5460
5462
5463
5465
5469
5470
5471
5473
5474
5476
5479
5482
5483
5485
5486
5487
5488
5489
5490
5491
5493
5494
5495
5496
5497
5498
5499
5501
5502
5504
5505
5509
5510
5517
5518
5519
5520
5523
5524
5525
5526
5527
5529
5531
5532
5533
5536
5538
5544
5545
5546
5547
5548
5549
5550
5551
5552
5553
5554
5555
5556
5558
5559
5561
5563
5564
5565
5567
5568
5573
5575
5577
5578
5579
5583
5585
5586
5587
5588
5592
5594
5596
5598
5599
5600
5602
5603
5605
5606
5607
5609
5617
5618
5619
5620
5621
5622
5623
5624
5625
5626
5627
5628
5629
5630
5631
5633
5635
5636
5637
5639
5640
5642
5643
5645
5646
5648
5652
5653
5657
5658
5659
5661
5664
5665
5666
5667
5669
5670
5671
5673
5675
5676
5677
5679
5680
5681
5683
5684
5685
5686
5688
5690
5691
5692
5693
5695
5696
5698
5699
5700
5702
5705
5706
5707
5709
5710
5714
5717
5718
5719
5723
5724
5726
5727
5728
5729
5730
5733
5736
5737
5739
5740
5741
5742
5744
5747
5748
5749
5750
5751
5758
5759
5760
5761
5763
5764
5766
5769
5770
5771
5772
5774
5775
5776
5777
5778
5779
5783
5784
5785
5791
5794
5795
5796
5798
5799
5800
5801
5802
5803
5804
5805
5806
5807
5808
5809
5810
5812
5813
5814
5815
5816
5817
5818
5823
5826
5830
5831
5832
5833
5836
5837
5839
5840
5842
5843
5844
5845
5846
5848
5849
5850
5853
5854
5857
5858
5859
5861
5862
5863
5865
5867
5871
5872
5873
5874
5875
5876
5879
5883
5884
5887
5889
5890
5891
5892
5893
5896
5898
5899
5900
5901
5904
5905
5906
5907
5908
5909
5910
5911
5912
5913
5914
5915
5918
5919
5921
5924
5925
5927
5929
5931
5933
5936
5938
5939
5940
5941
5942
5947
5948
5951
5953
5955
5956
5957
5958
5960
5961
5962
5963
5967
5969
5970
5971
5972
5973
5974
5975
5977
5979
5980
5982
5984
5986
5987
5988
5990
5993
5994
5995
5996
5997
5999
6000
6004
6005
6007
6008
6010
6011
6013
6014
6015
6017
6018
6019
6020
6022
6023
6024
6026
6027
6028
6029
6030
6035
6036
6040
6047
6048
6049
6050
6051
6052
6055
6056
6057
6059
6060
6063
6064
6065
6067
6068
6069
6072
6073
6074
6076
6077
6078
6079
6080
6084
6085
6086
6087
6089
6090
6091
6093
6094
6097
6098
6099
6100
6101
6104
6105
6106
6107
6108
6109
6110
6112
6113
6114
6116
6117
6118
6122
6123
6124
6125
6126
6127
6129
6130
6132
6133
6134
6135
6137
6139
6140
6142
6143
6145
6146
6147
6149
6152
6156
6157
6158
6159
6160
6161
6162
6163
6165
6166
6167
6168
6170
6171
6173
6175
6176
6177
6179
6180
6182
6185
6186
6187
6189
6190
6194
6196
6199
6200
6201
6203
6204
6205
6206
6207
6208
6209
6210
6211
6212
6213
6215
6216
6223
6224
6225
6226
6227
6229
6230
6231
6234
6235
6236
6239
6240
6242
6243
6245
6246
6247
6248
6249
6251
6252
6255
6256
6257
6259
6260
6261
6262
6263
6267
6268
6269
6272
6273
6274
6276
6277
6279
6281
6282
6284
6285
6287
6289
6290
6291
6294
6295
6296
6299
6300
6301
6302
6307
6309
6310
6313
6315
6317
6319
6320
6321
6322
6323
6324
6325
6326
6327
6328
6329
6330
6331
6332
